2025-06-14 19:07:44 [INFO] KenyaLawWebCralwer:  index.json found at: C:\Users\ZBOOK\Downloads\kenya_laws\index.json
2025-06-14 19:07:44 [INFO] KenyaLawWebCralwer:  Loaded 3295 entries. 3240 files marked as downloaded.
2025-06-14 19:07:44 [INFO] KenyaLawWebCralwer:  Starting DFS crawl...
2025-06-14 19:07:44 [INFO] KenyaLawWebCralwer:  Crawling (depth=0): http://www.kenyalaw.org/lex//index.xql
2025-06-14 19:07:45 [INFO] KenyaLawWebCralwer:  Skipped existing PDF: C:\Users\ZBOOK\Downloads\kenya_laws\pdfs\Tourism_Act.pdf
2025-06-14 19:07:45 [INFO] KenyaLawWebCralwer:  Skipped existing PDF: C:\Users\ZBOOK\Downloads\kenya_laws\pdfs\Alcoholic_Drinks_Control_Act(Cap.121).pdf
2025-06-14 19:07:45 [INFO] KenyaLawWebCralwer:  Skipped existing PDF: C:\Users\ZBOOK\Downloads\kenya_laws\pdfs\Assumption_of_the_Office_of_President_Act(Cap.6C).pdf
2025-06-14 19:07:45 [INFO] KenyaLawWebCralwer:  Skipped existing PDF: C:\Users\ZBOOK\Downloads\kenya_laws\pdfs\Companies_Act(Cap.486).pdf
2025-06-14 19:07:45 [INFO] KenyaLawWebCralwer:  Skipped existing PDF: C:\Users\ZBOOK\Downloads\kenya_laws\pdfs\Excise_Duty_Act(Cap.472).pdf
2025-06-14 19:07:45 [INFO] KenyaLawWebCralwer:  Skipped existing PDF: C:\Users\ZBOOK\Downloads\kenya_laws\pdfs\Income_Tax_Act(Cap.470).pdf
2025-06-14 19:07:45 [INFO] KenyaLawWebCralwer:  Skipped existing PDF: C:\Users\ZBOOK\Downloads\kenya_laws\pdfs\CAP_7C_INDEPENDENT_ELECTORAL_AND_BOUNDARIES_COMMISSION_ACT.pdf
2025-06-14 19:07:45 [INFO] KenyaLawWebCralwer:  Skipped existing PDF: C:\Users\ZBOOK\Downloads\kenya_laws\pdfs\Kenya_Revenue_Authority_Act(CAP.469).pdf
2025-06-14 19:07:45 [INFO] KenyaLawWebCralwer:  Skipped existing PDF: C:\Users\ZBOOK\Downloads\kenya_laws\pdfs\National_Government_Co-ordination_Act(Cap.127).pdf
2025-06-14 19:07:45 [INFO] KenyaLawWebCralwer:  Skipped existing PDF: C:\Users\ZBOOK\Downloads\kenya_laws\pdfs\Cap_412A_Public_Finance_Management_Act.pdf
2025-06-14 19:07:45 [INFO] KenyaLawWebCralwer:  Skipped existing PDF: C:\Users\ZBOOK\Downloads\kenya_laws\pdfs\Retirement_Benefits(Deputy_President_and_Designated_State_Officers)Act(Cap.197B).pdf
2025-06-14 19:07:45 [INFO] KenyaLawWebCralwer:  Skipped existing PDF: C:\Users\ZBOOK\Downloads\kenya_laws\pdfs\Tax_Procedures_Act(Cap.469B).pdf
2025-06-14 19:07:45 [INFO] KenyaLawWebCralwer:  Skipped existing PDF: C:\Users\ZBOOK\Downloads\kenya_laws\pdfs\Unclaimed_Financial_Assets_Act(Cap.494).pdf
2025-06-14 19:07:45 [INFO] KenyaLawWebCralwer:  Skipped existing PDF: C:\Users\ZBOOK\Downloads\kenya_laws\pdfs\Value_Added_Tax_Act(Cap.476).pdf
2025-06-14 19:07:45 [INFO] KenyaLawWebCralwer:  Crawling (depth=1): https://www.kenyalaw.org/
2025-06-14 19:07:45 [INFO] KenyaLawWebCralwer:  Crawling (depth=1): https://www.kenyalaw.org/kl/index.php?id=8662
2025-06-14 19:07:45 [INFO] KenyaLawWebCralwer:  Crawling (depth=1): http://www.kenyalaw.org/lex//index.xql#tabCredits
2025-06-14 19:07:45 [INFO] KenyaLawWebCralwer:  Crawling (depth=1): http://www.kenyalaw.org/lex//index.xql#tabHelp
2025-06-14 19:07:45 [INFO] KenyaLawWebCralwer:  Crawling (depth=1): http://www.kenyalaw.org/lex//index.xql#tabTOC
2025-06-14 19:07:45 [INFO] KenyaLawWebCralwer:  Skipped existing PDF: C:\Users\ZBOOK\Downloads\kenya_laws\pdfs\Tourism_Act.pdf
2025-06-14 19:07:45 [INFO] KenyaLawWebCralwer:  Skipped existing PDF: C:\Users\ZBOOK\Downloads\kenya_laws\pdfs\Tourism_Act.pdf
2025-06-14 19:07:45 [INFO] KenyaLawWebCralwer:  Skipped existing PDF: C:\Users\ZBOOK\Downloads\kenya_laws\pdfs\Alcoholic_Drinks_Control_Act(Cap.121).pdf
2025-06-14 19:07:45 [INFO] KenyaLawWebCralwer:  Skipped existing PDF: C:\Users\ZBOOK\Downloads\kenya_laws\pdfs\Tourism_Act.pdf
2025-06-14 19:07:45 [INFO] KenyaLawWebCralwer:  Skipped existing PDF: C:\Users\ZBOOK\Downloads\kenya_laws\pdfs\Alcoholic_Drinks_Control_Act(Cap.121).pdf
2025-06-14 19:07:45 [INFO] KenyaLawWebCralwer:  Skipped existing PDF: C:\Users\ZBOOK\Downloads\kenya_laws\pdfs\Assumption_of_the_Office_of_President_Act(Cap.6C).pdf
2025-06-14 19:07:45 [INFO] KenyaLawWebCralwer:  Skipped existing PDF: C:\Users\ZBOOK\Downloads\kenya_laws\pdfs\Alcoholic_Drinks_Control_Act(Cap.121).pdf
2025-06-14 19:07:45 [INFO] KenyaLawWebCralwer:  Skipped existing PDF: C:\Users\ZBOOK\Downloads\kenya_laws\pdfs\Assumption_of_the_Office_of_President_Act(Cap.6C).pdf
2025-06-14 19:07:45 [INFO] KenyaLawWebCralwer:  Skipped existing PDF: C:\Users\ZBOOK\Downloads\kenya_laws\pdfs\Companies_Act(Cap.486).pdf
2025-06-14 19:07:45 [INFO] KenyaLawWebCralwer:  Skipped existing PDF: C:\Users\ZBOOK\Downloads\kenya_laws\pdfs\Assumption_of_the_Office_of_President_Act(Cap.6C).pdf
2025-06-14 19:07:45 [INFO] KenyaLawWebCralwer:  Skipped existing PDF: C:\Users\ZBOOK\Downloads\kenya_laws\pdfs\Companies_Act(Cap.486).pdf
2025-06-14 19:07:45 [INFO] KenyaLawWebCralwer:  Skipped existing PDF: C:\Users\ZBOOK\Downloads\kenya_laws\pdfs\Excise_Duty_Act(Cap.472).pdf
2025-06-14 19:07:45 [INFO] KenyaLawWebCralwer:  Skipped existing PDF: C:\Users\ZBOOK\Downloads\kenya_laws\pdfs\Companies_Act(Cap.486).pdf
2025-06-14 19:07:45 [INFO] KenyaLawWebCralwer:  Skipped existing PDF: C:\Users\ZBOOK\Downloads\kenya_laws\pdfs\Excise_Duty_Act(Cap.472).pdf
2025-06-14 19:07:45 [INFO] KenyaLawWebCralwer:  Skipped existing PDF: C:\Users\ZBOOK\Downloads\kenya_laws\pdfs\Income_Tax_Act(Cap.470).pdf
2025-06-14 19:07:45 [INFO] KenyaLawWebCralwer:  Skipped existing PDF: C:\Users\ZBOOK\Downloads\kenya_laws\pdfs\CAP_7C_INDEPENDENT_ELECTORAL_AND_BOUNDARIES_COMMISSION_ACT.pdf
2025-06-14 19:07:45 [INFO] KenyaLawWebCralwer:  Skipped existing PDF: C:\Users\ZBOOK\Downloads\kenya_laws\pdfs\Income_Tax_Act(Cap.470).pdf
2025-06-14 19:07:45 [INFO] KenyaLawWebCralwer:  Skipped existing PDF: C:\Users\ZBOOK\Downloads\kenya_laws\pdfs\CAP_7C_INDEPENDENT_ELECTORAL_AND_BOUNDARIES_COMMISSION_ACT.pdf
2025-06-14 19:07:45 [INFO] KenyaLawWebCralwer:  Skipped existing PDF: C:\Users\ZBOOK\Downloads\kenya_laws\pdfs\Kenya_Revenue_Authority_Act(CAP.469).pdf
2025-06-14 19:07:45 [INFO] KenyaLawWebCralwer:  Skipped existing PDF: C:\Users\ZBOOK\Downloads\kenya_laws\pdfs\National_Government_Co-ordination_Act(Cap.127).pdf
2025-06-14 19:07:45 [INFO] KenyaLawWebCralwer:  Skipped existing PDF: C:\Users\ZBOOK\Downloads\kenya_laws\pdfs\Cap_412A_Public_Finance_Management_Act.pdf
2025-06-14 19:07:45 [INFO] KenyaLawWebCralwer:  Skipped existing PDF: C:\Users\ZBOOK\Downloads\kenya_laws\pdfs\Retirement_Benefits(Deputy_President_and_Designated_State_Officers)Act(Cap.197B).pdf
2025-06-14 19:07:45 [INFO] KenyaLawWebCralwer:  Skipped existing PDF: C:\Users\ZBOOK\Downloads\kenya_laws\pdfs\Tax_Procedures_Act(Cap.469B).pdf
2025-06-14 19:07:45 [INFO] KenyaLawWebCralwer:  Skipped existing PDF: C:\Users\ZBOOK\Downloads\kenya_laws\pdfs\Unclaimed_Financial_Assets_Act(Cap.494).pdf
2025-06-14 19:07:45 [INFO] KenyaLawWebCralwer:  Skipped existing PDF: C:\Users\ZBOOK\Downloads\kenya_laws\pdfs\Kenya_Revenue_Authority_Act(CAP.469).pdf
2025-06-14 19:07:45 [INFO] KenyaLawWebCralwer:  Skipped existing PDF: C:\Users\ZBOOK\Downloads\kenya_laws\pdfs\Excise_Duty_Act(Cap.472).pdf
2025-06-14 19:07:45 [INFO] KenyaLawWebCralwer:  Skipped existing PDF: C:\Users\ZBOOK\Downloads\kenya_laws\pdfs\Income_Tax_Act(Cap.470).pdf
2025-06-14 19:07:45 [INFO] KenyaLawWebCralwer:  Skipped existing PDF: C:\Users\ZBOOK\Downloads\kenya_laws\pdfs\CAP_7C_INDEPENDENT_ELECTORAL_AND_BOUNDARIES_COMMISSION_ACT.pdf
2025-06-14 19:07:45 [INFO] KenyaLawWebCralwer:  Skipped existing PDF: C:\Users\ZBOOK\Downloads\kenya_laws\pdfs\Kenya_Revenue_Authority_Act(CAP.469).pdf
2025-06-14 19:07:45 [INFO] KenyaLawWebCralwer:  Skipped existing PDF: C:\Users\ZBOOK\Downloads\kenya_laws\pdfs\National_Government_Co-ordination_Act(Cap.127).pdf
2025-06-14 19:07:45 [INFO] KenyaLawWebCralwer:  Skipped existing PDF: C:\Users\ZBOOK\Downloads\kenya_laws\pdfs\Value_Added_Tax_Act(Cap.476).pdf
2025-06-14 19:07:45 [INFO] KenyaLawWebCralwer:  Skipped existing PDF: C:\Users\ZBOOK\Downloads\kenya_laws\pdfs\National_Government_Co-ordination_Act(Cap.127).pdf
2025-06-14 19:07:45 [INFO] KenyaLawWebCralwer:  Skipped existing PDF: C:\Users\ZBOOK\Downloads\kenya_laws\pdfs\Cap_412A_Public_Finance_Management_Act.pdf
2025-06-14 19:07:45 [INFO] KenyaLawWebCralwer:  Skipped existing PDF: C:\Users\ZBOOK\Downloads\kenya_laws\pdfs\Cap_412A_Public_Finance_Management_Act.pdf
2025-06-14 19:07:45 [INFO] KenyaLawWebCralwer:  Skipped existing PDF: C:\Users\ZBOOK\Downloads\kenya_laws\pdfs\Retirement_Benefits(Deputy_President_and_Designated_State_Officers)Act(Cap.197B).pdf
2025-06-14 19:07:45 [INFO] KenyaLawWebCralwer:  Skipped existing PDF: C:\Users\ZBOOK\Downloads\kenya_laws\pdfs\Tax_Procedures_Act(Cap.469B).pdf
2025-06-14 19:07:45 [INFO] KenyaLawWebCralwer:  Skipped existing PDF: C:\Users\ZBOOK\Downloads\kenya_laws\pdfs\Unclaimed_Financial_Assets_Act(Cap.494).pdf
2025-06-14 19:07:45 [INFO] KenyaLawWebCralwer:  Skipped existing PDF: C:\Users\ZBOOK\Downloads\kenya_laws\pdfs\Value_Added_Tax_Act(Cap.476).pdf
2025-06-14 19:07:45 [INFO] KenyaLawWebCralwer:  Skipped existing PDF: C:\Users\ZBOOK\Downloads\kenya_laws\pdfs\Retirement_Benefits(Deputy_President_and_Designated_State_Officers)Act(Cap.197B).pdf
2025-06-14 19:07:45 [INFO] KenyaLawWebCralwer:  Skipped existing PDF: C:\Users\ZBOOK\Downloads\kenya_laws\pdfs\Tax_Procedures_Act(Cap.469B).pdf
2025-06-14 19:07:45 [INFO] KenyaLawWebCralwer:  Skipped existing PDF: C:\Users\ZBOOK\Downloads\kenya_laws\pdfs\Unclaimed_Financial_Assets_Act(Cap.494).pdf
2025-06-14 19:07:45 [INFO] KenyaLawWebCralwer:  Skipped existing PDF: C:\Users\ZBOOK\Downloads\kenya_laws\pdfs\Value_Added_Tax_Act(Cap.476).pdf
2025-06-14 19:07:46 [INFO] KenyaLawWebCralwer:  Skipped existing HTML: C:\Users\ZBOOK\Downloads\kenya_laws\htmls\judgment_kehc_2024_10886_eng_2024-09-20.html
2025-06-14 19:07:46 [INFO] KenyaLawWebCralwer:  Skipped existing HTML: C:\Users\ZBOOK\Downloads\kenya_laws\htmls\judgment_kehc_2024_10886_eng_2024-09-20.html
2025-06-14 19:07:46 [INFO] KenyaLawWebCralwer:  Skipped existing PDF: C:\Users\ZBOOK\Downloads\kenya_laws\pdfs\24TH%20ANNUAL%20SUPPLEMENT%20SENSITIZATION.pdf
2025-06-14 19:07:46 [INFO] KenyaLawWebCralwer:  Skipped existing PDF: C:\Users\ZBOOK\Downloads\kenya_laws\pdfs\24TH%20ANNUAL%20SUPPLEMENT%20SENSITIZATION.pdf
2025-06-14 19:07:46 [INFO] KenyaLawWebCralwer:  Skipped existing PDF: C:\Users\ZBOOK\Downloads\kenya_laws\pdfs\Information_Booklet_Annual_Supplement.pdf
2025-06-14 19:07:46 [INFO] KenyaLawWebCralwer:  Skipped existing PDF: C:\Users\ZBOOK\Downloads\kenya_laws\pdfs\Information_Booklet_Annual_Supplement.pdf
2025-06-14 19:07:47 [INFO] KenyaLawWebCralwer:  Skipped existing HTML: C:\Users\ZBOOK\Downloads\kenya_laws\htmls\act_1972_14.html
2025-06-14 19:07:47 [INFO] KenyaLawWebCralwer:  Skipped existing HTML: C:\Users\ZBOOK\Downloads\kenya_laws\htmls\act_2010_constitution.html
2025-06-14 19:07:47 [INFO] KenyaLawWebCralwer:  Skipped existing HTML: C:\Users\ZBOOK\Downloads\kenya_laws\htmls\act_2010_constitution.html
2025-06-14 19:07:47 [INFO] KenyaLawWebCralwer:  Skipped existing HTML: C:\Users\ZBOOK\Downloads\kenya_laws\htmls\act_1930_11.html
2025-06-14 19:07:47 [INFO] KenyaLawWebCralwer:  Skipped existing HTML: C:\Users\ZBOOK\Downloads\kenya_laws\htmls\act_2015_29.html
2025-06-14 19:07:47 [INFO] KenyaLawWebCralwer:  Skipped existing PDF: C:\Users\ZBOOK\Downloads\kenya_laws\pdfs\LN117_2013.pdf
2025-06-14 19:07:47 [INFO] KenyaLawWebCralwer:  Skipped existing PDF: C:\Users\ZBOOK\Downloads\kenya_laws\pdfs\LN117_2013.pdf
2025-06-14 19:07:47 [INFO] KenyaLawWebCralwer:  Skipped existing HTML: C:\Users\ZBOOK\Downloads\kenya_laws\htmls\act_2010_constitution.html
2025-06-14 19:07:47 [INFO] KenyaLawWebCralwer:  Skipped existing HTML: C:\Users\ZBOOK\Downloads\kenya_laws\htmls\act_2010_constitution.html
2025-06-14 19:07:47 [INFO] KenyaLawWebCralwer:  Skipped existing HTML: C:\Users\ZBOOK\Downloads\kenya_laws\htmls\act_2010_constitution.html
2025-06-14 19:07:47 [INFO] KenyaLawWebCralwer:  Skipped existing HTML: C:\Users\ZBOOK\Downloads\kenya_laws\htmls\act_2010_constitution.html
2025-06-14 19:07:47 [INFO] KenyaLawWebCralwer:  Skipped existing HTML: C:\Users\ZBOOK\Downloads\kenya_laws\htmls\act_2010_constitution.html
2025-06-14 19:07:47 [INFO] KenyaLawWebCralwer:  Skipped existing HTML: C:\Users\ZBOOK\Downloads\kenya_laws\htmls\act_2010_constitution.html
2025-06-14 19:07:47 [INFO] KenyaLawWebCralwer:  Skipped existing HTML: C:\Users\ZBOOK\Downloads\kenya_laws\htmls\act_2010_constitution.html
2025-06-14 19:07:47 [INFO] KenyaLawWebCralwer:  Skipped existing HTML: C:\Users\ZBOOK\Downloads\kenya_laws\htmls\act_2010_constitution.html
2025-06-14 19:07:47 [INFO] KenyaLawWebCralwer:  Skipped existing HTML: C:\Users\ZBOOK\Downloads\kenya_laws\htmls\act_2010_constitution.html
2025-06-14 19:07:47 [INFO] KenyaLawWebCralwer:  Skipped existing HTML: C:\Users\ZBOOK\Downloads\kenya_laws\htmls\act_2010_constitution.html
2025-06-14 19:07:47 [INFO] KenyaLawWebCralwer:  Skipped existing HTML: C:\Users\ZBOOK\Downloads\kenya_laws\htmls\act_2010_constitution.html
2025-06-14 19:07:47 [INFO] KenyaLawWebCralwer:  Skipped existing HTML: C:\Users\ZBOOK\Downloads\kenya_laws\htmls\act_2010_constitution.html
2025-06-14 19:07:47 [INFO] KenyaLawWebCralwer:  Skipped existing HTML: C:\Users\ZBOOK\Downloads\kenya_laws\htmls\act_2010_constitution.html
2025-06-14 19:07:47 [INFO] KenyaLawWebCralwer:  Skipped existing HTML: C:\Users\ZBOOK\Downloads\kenya_laws\htmls\act_2011_11a.html
2025-06-14 19:07:47 [INFO] KenyaLawWebCralwer:  Skipped existing HTML: C:\Users\ZBOOK\Downloads\kenya_laws\htmls\act_2010_constitution.html
2025-06-14 19:07:47 [INFO] KenyaLawWebCralwer:  Skipped existing HTML: C:\Users\ZBOOK\Downloads\kenya_laws\htmls\act_2010_constitution.html
2025-06-14 19:07:47 [INFO] KenyaLawWebCralwer:  Skipped existing HTML: C:\Users\ZBOOK\Downloads\kenya_laws\htmls\act_2010_constitution.html
2025-06-14 19:07:47 [INFO] KenyaLawWebCralwer:  Skipped existing HTML: C:\Users\ZBOOK\Downloads\kenya_laws\htmls\act_2010_constitution.html
2025-06-14 19:07:47 [INFO] KenyaLawWebCralwer:  Skipped existing HTML: C:\Users\ZBOOK\Downloads\kenya_laws\htmls\act_1948_81.html
2025-06-14 19:07:47 [INFO] KenyaLawWebCralwer:  Skipped existing HTML: C:\Users\ZBOOK\Downloads\kenya_laws\htmls\act_2010_constitution.html
2025-06-14 19:07:47 [INFO] KenyaLawWebCralwer:  Skipped existing HTML: C:\Users\ZBOOK\Downloads\kenya_laws\htmls\act_2010_constitution.html
2025-06-14 19:07:47 [INFO] KenyaLawWebCralwer:  Skipped existing HTML: C:\Users\ZBOOK\Downloads\kenya_laws\htmls\act_2010_constitution.html
2025-06-14 19:07:47 [INFO] KenyaLawWebCralwer:  Skipped existing HTML: C:\Users\ZBOOK\Downloads\kenya_laws\htmls\act_2010_constitution.html
2025-06-14 19:07:47 [INFO] KenyaLawWebCralwer:  Skipped existing HTML: C:\Users\ZBOOK\Downloads\kenya_laws\htmls\act_2010_constitution.html
2025-06-14 19:07:47 [INFO] KenyaLawWebCralwer:  Skipped existing HTML: C:\Users\ZBOOK\Downloads\kenya_laws\htmls\act_2010_constitution.html
2025-06-14 19:07:47 [INFO] KenyaLawWebCralwer:  Skipped existing HTML: C:\Users\ZBOOK\Downloads\kenya_laws\htmls\act_2010_constitution.html
2025-06-14 19:07:47 [INFO] KenyaLawWebCralwer:  Skipped existing HTML: C:\Users\ZBOOK\Downloads\kenya_laws\htmls\act_2010_constitution.html
2025-06-14 19:07:47 [INFO] KenyaLawWebCralwer:  Skipped existing HTML: C:\Users\ZBOOK\Downloads\kenya_laws\htmls\act_2010_constitution.html
2025-06-14 19:07:47 [INFO] KenyaLawWebCralwer:  Skipped existing HTML: C:\Users\ZBOOK\Downloads\kenya_laws\htmls\act_2010_constitution.html
2025-06-14 19:07:47 [INFO] KenyaLawWebCralwer:  Skipped existing HTML: C:\Users\ZBOOK\Downloads\kenya_laws\htmls\act_2010_constitution.html
2025-06-14 19:07:47 [INFO] KenyaLawWebCralwer:  Skipped existing HTML: C:\Users\ZBOOK\Downloads\kenya_laws\htmls\act_2010_constitution.html
2025-06-14 19:07:47 [INFO] KenyaLawWebCralwer:  Crawling (depth=2): https://www.kenyalaw.org/kl/index.php?id=8662#jfmulticontent_c37112-3
2025-06-14 19:07:47 [INFO] KenyaLawWebCralwer:  Crawling (depth=2): https://www.kenyalaw.org/kl/index.php?id=8662#jfmulticontent_c37112-2
2025-06-14 19:07:47 [INFO] KenyaLawWebCralwer:  Crawling (depth=2): https://www.kenyalaw.org/kl/index.php?id=8662#jfmulticontent_c37112-1
2025-06-14 19:07:47 [INFO] KenyaLawWebCralwer:  Crawling (depth=2): https://www.kenyalaw.org/kl/index.php?id=8662#jfmulticontent_c37111-3
2025-06-14 19:07:47 [INFO] KenyaLawWebCralwer:  Crawling (depth=2): https://www.kenyalaw.org/kl/index.php?id=8662#jfmulticontent_c37111-2
2025-06-14 19:07:50 [INFO] KenyaLawWebCralwer:  Skipped existing HTML: C:\Users\ZBOOK\Downloads\kenya_laws\htmls\act_1972_14.html
2025-06-14 19:07:50 [INFO] KenyaLawWebCralwer:  Skipped existing HTML: C:\Users\ZBOOK\Downloads\kenya_laws\htmls\act_2010_constitution.html
2025-06-14 19:07:50 [INFO] KenyaLawWebCralwer:  Skipped existing HTML: C:\Users\ZBOOK\Downloads\kenya_laws\htmls\act_2010_constitution.html
2025-06-14 19:07:50 [INFO] KenyaLawWebCralwer:  Skipped existing HTML: C:\Users\ZBOOK\Downloads\kenya_laws\htmls\act_1930_11.html
2025-06-14 19:07:50 [INFO] KenyaLawWebCralwer:  Skipped existing HTML: C:\Users\ZBOOK\Downloads\kenya_laws\htmls\act_2015_29.html
2025-06-14 19:07:50 [INFO] KenyaLawWebCralwer:  Skipped existing PDF: C:\Users\ZBOOK\Downloads\kenya_laws\pdfs\LN117_2013.pdf
2025-06-14 19:07:50 [INFO] KenyaLawWebCralwer:  Skipped existing PDF: C:\Users\ZBOOK\Downloads\kenya_laws\pdfs\LN117_2013.pdf
2025-06-14 19:07:50 [INFO] KenyaLawWebCralwer:  Skipped existing HTML: C:\Users\ZBOOK\Downloads\kenya_laws\htmls\act_2010_constitution.html
2025-06-14 19:07:50 [INFO] KenyaLawWebCralwer:  Skipped existing HTML: C:\Users\ZBOOK\Downloads\kenya_laws\htmls\act_2010_constitution.html
2025-06-14 19:07:50 [INFO] KenyaLawWebCralwer:  Skipped existing HTML: C:\Users\ZBOOK\Downloads\kenya_laws\htmls\act_2010_constitution.html
2025-06-14 19:07:50 [INFO] KenyaLawWebCralwer:  Skipped existing HTML: C:\Users\ZBOOK\Downloads\kenya_laws\htmls\act_2010_constitution.html
2025-06-14 19:07:50 [INFO] KenyaLawWebCralwer:  Skipped existing HTML: C:\Users\ZBOOK\Downloads\kenya_laws\htmls\act_2010_constitution.html
2025-06-14 19:07:50 [INFO] KenyaLawWebCralwer:  Skipped existing HTML: C:\Users\ZBOOK\Downloads\kenya_laws\htmls\act_2010_constitution.html
2025-06-14 19:07:50 [INFO] KenyaLawWebCralwer:  Skipped existing HTML: C:\Users\ZBOOK\Downloads\kenya_laws\htmls\act_2010_constitution.html
2025-06-14 19:07:50 [INFO] KenyaLawWebCralwer:  Skipped existing HTML: C:\Users\ZBOOK\Downloads\kenya_laws\htmls\act_2010_constitution.html
2025-06-14 19:07:50 [INFO] KenyaLawWebCralwer:  Skipped existing HTML: C:\Users\ZBOOK\Downloads\kenya_laws\htmls\act_2010_constitution.html
2025-06-14 19:07:50 [INFO] KenyaLawWebCralwer:  Skipped existing HTML: C:\Users\ZBOOK\Downloads\kenya_laws\htmls\act_2010_constitution.html
2025-06-14 19:07:50 [INFO] KenyaLawWebCralwer:  Skipped existing HTML: C:\Users\ZBOOK\Downloads\kenya_laws\htmls\act_2010_constitution.html
2025-06-14 19:07:50 [INFO] KenyaLawWebCralwer:  Skipped existing HTML: C:\Users\ZBOOK\Downloads\kenya_laws\htmls\act_2010_constitution.html
2025-06-14 19:07:50 [INFO] KenyaLawWebCralwer:  Skipped existing HTML: C:\Users\ZBOOK\Downloads\kenya_laws\htmls\act_2010_constitution.html
2025-06-14 19:07:50 [INFO] KenyaLawWebCralwer:  Skipped existing HTML: C:\Users\ZBOOK\Downloads\kenya_laws\htmls\act_2011_11a.html
2025-06-14 19:07:50 [INFO] KenyaLawWebCralwer:  Skipped existing HTML: C:\Users\ZBOOK\Downloads\kenya_laws\htmls\act_2010_constitution.html
2025-06-14 19:07:50 [INFO] KenyaLawWebCralwer:  Skipped existing HTML: C:\Users\ZBOOK\Downloads\kenya_laws\htmls\act_2010_constitution.html
2025-06-14 19:07:50 [INFO] KenyaLawWebCralwer:  Skipped existing HTML: C:\Users\ZBOOK\Downloads\kenya_laws\htmls\act_2010_constitution.html
2025-06-14 19:07:50 [INFO] KenyaLawWebCralwer:  Skipped existing HTML: C:\Users\ZBOOK\Downloads\kenya_laws\htmls\act_2010_constitution.html
2025-06-14 19:07:50 [INFO] KenyaLawWebCralwer:  Skipped existing HTML: C:\Users\ZBOOK\Downloads\kenya_laws\htmls\act_1948_81.html
2025-06-14 19:07:50 [INFO] KenyaLawWebCralwer:  Skipped existing HTML: C:\Users\ZBOOK\Downloads\kenya_laws\htmls\act_2010_constitution.html
2025-06-14 19:07:50 [INFO] KenyaLawWebCralwer:  Skipped existing HTML: C:\Users\ZBOOK\Downloads\kenya_laws\htmls\act_2010_constitution.html
2025-06-14 19:07:50 [INFO] KenyaLawWebCralwer:  Skipped existing HTML: C:\Users\ZBOOK\Downloads\kenya_laws\htmls\act_2010_constitution.html
2025-06-14 19:07:50 [INFO] KenyaLawWebCralwer:  Skipped existing HTML: C:\Users\ZBOOK\Downloads\kenya_laws\htmls\act_2010_constitution.html
2025-06-14 19:07:50 [INFO] KenyaLawWebCralwer:  Skipped existing HTML: C:\Users\ZBOOK\Downloads\kenya_laws\htmls\act_2010_constitution.html
2025-06-14 19:07:50 [INFO] KenyaLawWebCralwer:  Skipped existing HTML: C:\Users\ZBOOK\Downloads\kenya_laws\htmls\act_2010_constitution.html
2025-06-14 19:07:50 [INFO] KenyaLawWebCralwer:  Skipped existing HTML: C:\Users\ZBOOK\Downloads\kenya_laws\htmls\act_2010_constitution.html
2025-06-14 19:07:50 [INFO] KenyaLawWebCralwer:  Skipped existing HTML: C:\Users\ZBOOK\Downloads\kenya_laws\htmls\act_2010_constitution.html
2025-06-14 19:07:50 [INFO] KenyaLawWebCralwer:  Skipped existing HTML: C:\Users\ZBOOK\Downloads\kenya_laws\htmls\act_2010_constitution.html
2025-06-14 19:07:50 [INFO] KenyaLawWebCralwer:  Skipped existing HTML: C:\Users\ZBOOK\Downloads\kenya_laws\htmls\act_2010_constitution.html
2025-06-14 19:07:50 [INFO] KenyaLawWebCralwer:  Skipped existing HTML: C:\Users\ZBOOK\Downloads\kenya_laws\htmls\act_2010_constitution.html
2025-06-14 19:07:50 [INFO] KenyaLawWebCralwer:  Skipped existing HTML: C:\Users\ZBOOK\Downloads\kenya_laws\htmls\act_2010_constitution.html
2025-06-14 19:07:51 [INFO] KenyaLawWebCralwer:  Skipped existing HTML: C:\Users\ZBOOK\Downloads\kenya_laws\htmls\act_1972_14.html
2025-06-14 19:07:51 [INFO] KenyaLawWebCralwer:  Skipped existing HTML: C:\Users\ZBOOK\Downloads\kenya_laws\htmls\act_2010_constitution.html
2025-06-14 19:07:51 [INFO] KenyaLawWebCralwer:  Skipped existing HTML: C:\Users\ZBOOK\Downloads\kenya_laws\htmls\act_2010_constitution.html
2025-06-14 19:07:51 [INFO] KenyaLawWebCralwer:  Skipped existing HTML: C:\Users\ZBOOK\Downloads\kenya_laws\htmls\act_1930_11.html
2025-06-14 19:07:51 [INFO] KenyaLawWebCralwer:  Skipped existing HTML: C:\Users\ZBOOK\Downloads\kenya_laws\htmls\act_2015_29.html
2025-06-14 19:07:51 [INFO] KenyaLawWebCralwer:  Skipped existing PDF: C:\Users\ZBOOK\Downloads\kenya_laws\pdfs\LN117_2013.pdf
2025-06-14 19:07:51 [INFO] KenyaLawWebCralwer:  Skipped existing PDF: C:\Users\ZBOOK\Downloads\kenya_laws\pdfs\LN117_2013.pdf
2025-06-14 19:07:51 [INFO] KenyaLawWebCralwer:  Skipped existing HTML: C:\Users\ZBOOK\Downloads\kenya_laws\htmls\act_2010_constitution.html
2025-06-14 19:07:51 [INFO] KenyaLawWebCralwer:  Skipped existing HTML: C:\Users\ZBOOK\Downloads\kenya_laws\htmls\act_2010_constitution.html
2025-06-14 19:07:51 [INFO] KenyaLawWebCralwer:  Skipped existing HTML: C:\Users\ZBOOK\Downloads\kenya_laws\htmls\act_2010_constitution.html
2025-06-14 19:07:51 [INFO] KenyaLawWebCralwer:  Skipped existing HTML: C:\Users\ZBOOK\Downloads\kenya_laws\htmls\act_2010_constitution.html
2025-06-14 19:07:51 [INFO] KenyaLawWebCralwer:  Skipped existing HTML: C:\Users\ZBOOK\Downloads\kenya_laws\htmls\act_2010_constitution.html
2025-06-14 19:07:51 [INFO] KenyaLawWebCralwer:  Skipped existing HTML: C:\Users\ZBOOK\Downloads\kenya_laws\htmls\act_2010_constitution.html
2025-06-14 19:07:51 [INFO] KenyaLawWebCralwer:  Skipped existing HTML: C:\Users\ZBOOK\Downloads\kenya_laws\htmls\act_2010_constitution.html
2025-06-14 19:07:51 [INFO] KenyaLawWebCralwer:  Skipped existing HTML: C:\Users\ZBOOK\Downloads\kenya_laws\htmls\act_2010_constitution.html
2025-06-14 19:07:51 [INFO] KenyaLawWebCralwer:  Skipped existing HTML: C:\Users\ZBOOK\Downloads\kenya_laws\htmls\act_2010_constitution.html
2025-06-14 19:07:51 [INFO] KenyaLawWebCralwer:  Skipped existing HTML: C:\Users\ZBOOK\Downloads\kenya_laws\htmls\act_2010_constitution.html
2025-06-14 19:07:51 [INFO] KenyaLawWebCralwer:  Skipped existing HTML: C:\Users\ZBOOK\Downloads\kenya_laws\htmls\act_2010_constitution.html
2025-06-14 19:07:51 [INFO] KenyaLawWebCralwer:  Skipped existing HTML: C:\Users\ZBOOK\Downloads\kenya_laws\htmls\act_2010_constitution.html
2025-06-14 19:07:51 [INFO] KenyaLawWebCralwer:  Skipped existing HTML: C:\Users\ZBOOK\Downloads\kenya_laws\htmls\act_2010_constitution.html
2025-06-14 19:07:51 [INFO] KenyaLawWebCralwer:  Skipped existing HTML: C:\Users\ZBOOK\Downloads\kenya_laws\htmls\act_2011_11a.html
2025-06-14 19:07:51 [INFO] KenyaLawWebCralwer:  Skipped existing HTML: C:\Users\ZBOOK\Downloads\kenya_laws\htmls\act_2010_constitution.html
2025-06-14 19:07:51 [INFO] KenyaLawWebCralwer:  Skipped existing HTML: C:\Users\ZBOOK\Downloads\kenya_laws\htmls\act_2010_constitution.html
2025-06-14 19:07:51 [INFO] KenyaLawWebCralwer:  Skipped existing HTML: C:\Users\ZBOOK\Downloads\kenya_laws\htmls\act_2010_constitution.html
2025-06-14 19:07:51 [INFO] KenyaLawWebCralwer:  Skipped existing HTML: C:\Users\ZBOOK\Downloads\kenya_laws\htmls\act_2010_constitution.html
2025-06-14 19:07:51 [INFO] KenyaLawWebCralwer:  Skipped existing HTML: C:\Users\ZBOOK\Downloads\kenya_laws\htmls\act_1948_81.html
2025-06-14 19:07:51 [INFO] KenyaLawWebCralwer:  Skipped existing HTML: C:\Users\ZBOOK\Downloads\kenya_laws\htmls\act_2010_constitution.html
2025-06-14 19:07:51 [INFO] KenyaLawWebCralwer:  Skipped existing HTML: C:\Users\ZBOOK\Downloads\kenya_laws\htmls\act_2010_constitution.html
2025-06-14 19:07:51 [INFO] KenyaLawWebCralwer:  Skipped existing HTML: C:\Users\ZBOOK\Downloads\kenya_laws\htmls\act_2010_constitution.html
2025-06-14 19:07:51 [INFO] KenyaLawWebCralwer:  Skipped existing HTML: C:\Users\ZBOOK\Downloads\kenya_laws\htmls\act_2010_constitution.html
2025-06-14 19:07:51 [INFO] KenyaLawWebCralwer:  Skipped existing HTML: C:\Users\ZBOOK\Downloads\kenya_laws\htmls\act_2010_constitution.html
2025-06-14 19:07:51 [INFO] KenyaLawWebCralwer:  Skipped existing HTML: C:\Users\ZBOOK\Downloads\kenya_laws\htmls\act_2010_constitution.html
2025-06-14 19:07:51 [INFO] KenyaLawWebCralwer:  Skipped existing HTML: C:\Users\ZBOOK\Downloads\kenya_laws\htmls\act_2010_constitution.html
2025-06-14 19:07:51 [INFO] KenyaLawWebCralwer:  Skipped existing HTML: C:\Users\ZBOOK\Downloads\kenya_laws\htmls\act_2010_constitution.html
2025-06-14 19:07:51 [INFO] KenyaLawWebCralwer:  Skipped existing HTML: C:\Users\ZBOOK\Downloads\kenya_laws\htmls\act_2010_constitution.html
2025-06-14 19:07:51 [INFO] KenyaLawWebCralwer:  Skipped existing HTML: C:\Users\ZBOOK\Downloads\kenya_laws\htmls\act_2010_constitution.html
2025-06-14 19:07:51 [INFO] KenyaLawWebCralwer:  Skipped existing HTML: C:\Users\ZBOOK\Downloads\kenya_laws\htmls\act_2010_constitution.html
2025-06-14 19:07:51 [INFO] KenyaLawWebCralwer:  Skipped existing HTML: C:\Users\ZBOOK\Downloads\kenya_laws\htmls\act_2010_constitution.html
2025-06-14 19:07:51 [INFO] KenyaLawWebCralwer:  Skipped existing HTML: C:\Users\ZBOOK\Downloads\kenya_laws\htmls\act_1972_14.html
2025-06-14 19:07:51 [INFO] KenyaLawWebCralwer:  Skipped existing HTML: C:\Users\ZBOOK\Downloads\kenya_laws\htmls\act_2010_constitution.html
2025-06-14 19:07:51 [INFO] KenyaLawWebCralwer:  Skipped existing HTML: C:\Users\ZBOOK\Downloads\kenya_laws\htmls\act_2010_constitution.html
2025-06-14 19:07:51 [INFO] KenyaLawWebCralwer:  Skipped existing HTML: C:\Users\ZBOOK\Downloads\kenya_laws\htmls\act_1930_11.html
2025-06-14 19:07:51 [INFO] KenyaLawWebCralwer:  Skipped existing HTML: C:\Users\ZBOOK\Downloads\kenya_laws\htmls\act_2015_29.html
2025-06-14 19:07:51 [INFO] KenyaLawWebCralwer:  Skipped existing PDF: C:\Users\ZBOOK\Downloads\kenya_laws\pdfs\LN117_2013.pdf
2025-06-14 19:07:51 [INFO] KenyaLawWebCralwer:  Skipped existing PDF: C:\Users\ZBOOK\Downloads\kenya_laws\pdfs\LN117_2013.pdf
2025-06-14 19:07:51 [INFO] KenyaLawWebCralwer:  Skipped existing HTML: C:\Users\ZBOOK\Downloads\kenya_laws\htmls\act_2010_constitution.html
2025-06-14 19:07:51 [INFO] KenyaLawWebCralwer:  Skipped existing HTML: C:\Users\ZBOOK\Downloads\kenya_laws\htmls\act_2010_constitution.html
2025-06-14 19:07:51 [INFO] KenyaLawWebCralwer:  Skipped existing HTML: C:\Users\ZBOOK\Downloads\kenya_laws\htmls\act_2010_constitution.html
2025-06-14 19:07:51 [INFO] KenyaLawWebCralwer:  Skipped existing HTML: C:\Users\ZBOOK\Downloads\kenya_laws\htmls\act_2010_constitution.html
2025-06-14 19:07:51 [INFO] KenyaLawWebCralwer:  Skipped existing HTML: C:\Users\ZBOOK\Downloads\kenya_laws\htmls\act_2010_constitution.html
2025-06-14 19:07:51 [INFO] KenyaLawWebCralwer:  Skipped existing HTML: C:\Users\ZBOOK\Downloads\kenya_laws\htmls\act_2010_constitution.html
2025-06-14 19:07:51 [INFO] KenyaLawWebCralwer:  Skipped existing HTML: C:\Users\ZBOOK\Downloads\kenya_laws\htmls\act_2010_constitution.html
2025-06-14 19:07:51 [INFO] KenyaLawWebCralwer:  Skipped existing HTML: C:\Users\ZBOOK\Downloads\kenya_laws\htmls\act_2010_constitution.html
2025-06-14 19:07:51 [INFO] KenyaLawWebCralwer:  Skipped existing HTML: C:\Users\ZBOOK\Downloads\kenya_laws\htmls\act_2010_constitution.html
2025-06-14 19:07:51 [INFO] KenyaLawWebCralwer:  Skipped existing HTML: C:\Users\ZBOOK\Downloads\kenya_laws\htmls\act_2010_constitution.html
2025-06-14 19:07:51 [INFO] KenyaLawWebCralwer:  Skipped existing HTML: C:\Users\ZBOOK\Downloads\kenya_laws\htmls\act_2010_constitution.html
2025-06-14 19:07:51 [INFO] KenyaLawWebCralwer:  Skipped existing HTML: C:\Users\ZBOOK\Downloads\kenya_laws\htmls\act_2010_constitution.html
2025-06-14 19:07:51 [INFO] KenyaLawWebCralwer:  Skipped existing HTML: C:\Users\ZBOOK\Downloads\kenya_laws\htmls\act_2010_constitution.html
2025-06-14 19:07:51 [INFO] KenyaLawWebCralwer:  Skipped existing HTML: C:\Users\ZBOOK\Downloads\kenya_laws\htmls\act_2011_11a.html
2025-06-14 19:07:51 [INFO] KenyaLawWebCralwer:  Skipped existing HTML: C:\Users\ZBOOK\Downloads\kenya_laws\htmls\act_2010_constitution.html
2025-06-14 19:07:51 [INFO] KenyaLawWebCralwer:  Skipped existing HTML: C:\Users\ZBOOK\Downloads\kenya_laws\htmls\act_2010_constitution.html
2025-06-14 19:07:51 [INFO] KenyaLawWebCralwer:  Skipped existing HTML: C:\Users\ZBOOK\Downloads\kenya_laws\htmls\act_2010_constitution.html
2025-06-14 19:07:51 [INFO] KenyaLawWebCralwer:  Skipped existing HTML: C:\Users\ZBOOK\Downloads\kenya_laws\htmls\act_2010_constitution.html
2025-06-14 19:07:51 [INFO] KenyaLawWebCralwer:  Skipped existing HTML: C:\Users\ZBOOK\Downloads\kenya_laws\htmls\act_1948_81.html
2025-06-14 19:07:51 [INFO] KenyaLawWebCralwer:  Skipped existing HTML: C:\Users\ZBOOK\Downloads\kenya_laws\htmls\act_2010_constitution.html
2025-06-14 19:07:51 [INFO] KenyaLawWebCralwer:  Skipped existing HTML: C:\Users\ZBOOK\Downloads\kenya_laws\htmls\act_2010_constitution.html
2025-06-14 19:07:51 [INFO] KenyaLawWebCralwer:  Skipped existing HTML: C:\Users\ZBOOK\Downloads\kenya_laws\htmls\act_2010_constitution.html
2025-06-14 19:07:51 [INFO] KenyaLawWebCralwer:  Skipped existing HTML: C:\Users\ZBOOK\Downloads\kenya_laws\htmls\act_2010_constitution.html
2025-06-14 19:07:51 [INFO] KenyaLawWebCralwer:  Skipped existing HTML: C:\Users\ZBOOK\Downloads\kenya_laws\htmls\act_2010_constitution.html
2025-06-14 19:07:51 [INFO] KenyaLawWebCralwer:  Skipped existing HTML: C:\Users\ZBOOK\Downloads\kenya_laws\htmls\act_2010_constitution.html
2025-06-14 19:07:51 [INFO] KenyaLawWebCralwer:  Skipped existing HTML: C:\Users\ZBOOK\Downloads\kenya_laws\htmls\act_2010_constitution.html
2025-06-14 19:07:51 [INFO] KenyaLawWebCralwer:  Skipped existing HTML: C:\Users\ZBOOK\Downloads\kenya_laws\htmls\act_2010_constitution.html
2025-06-14 19:07:51 [INFO] KenyaLawWebCralwer:  Skipped existing HTML: C:\Users\ZBOOK\Downloads\kenya_laws\htmls\act_2010_constitution.html
2025-06-14 19:07:51 [INFO] KenyaLawWebCralwer:  Skipped existing HTML: C:\Users\ZBOOK\Downloads\kenya_laws\htmls\act_2010_constitution.html
2025-06-14 19:07:51 [INFO] KenyaLawWebCralwer:  Skipped existing HTML: C:\Users\ZBOOK\Downloads\kenya_laws\htmls\act_2010_constitution.html
2025-06-14 19:07:51 [INFO] KenyaLawWebCralwer:  Skipped existing HTML: C:\Users\ZBOOK\Downloads\kenya_laws\htmls\act_2010_constitution.html
