2025-06-13 16:52:38,790 - Failed to fetch https://new.kenyalaw.org/judgments/all/1938/ after 3 attempts: HTTPSConnectionPool(host='new.kenyalaw.org', port=443): Read timed out. (read timeout=30)
2025-06-13 16:52:38,830 - Failed to fetch https://new.kenyalaw.org/judgments/all/2024/ after 3 attempts: HTTPSConnectionPool(host='new.kenyalaw.org', port=443): Read timed out. (read timeout=30)
2025-06-13 16:52:39,021 - Failed to fetch https://new.kenyalaw.org/judgments/court-class/intellectual-property-tribunals/ after 3 attempts: HTTPSConnectionPool(host='new.kenyalaw.org', port=443): Read timed out. (read timeout=30)
2025-06-13 16:52:39,053 - Failed to fetch https://new.kenyalaw.org/judgments/all/1992/ after 3 attempts: HTTPSConnectionPool(host='new.kenyalaw.org', port=443): Read timed out. (read timeout=30)
2025-06-13 16:52:39,410 - Failed to fetch https://new.kenyalaw.org/judgments/all/2024/ after 3 attempts: HTTPSConnectionPool(host='new.kenyalaw.org', port=443): Read timed out. (read timeout=30)
2025-06-13 16:52:39,442 - Failed to fetch https://new.kenyalaw.org/judgments/court-class/commercial-tribunals/ after 3 attempts: HTTPSConnectionPool(host='new.kenyalaw.org', port=443): Read timed out. (read timeout=30)
2025-06-13 16:52:39,442 - Failed to fetch https://new.kenyalaw.org/judgments/all/1992/ after 3 attempts: HTTPSConnectionPool(host='new.kenyalaw.org', port=443): Read timed out. (read timeout=30)
2025-06-13 16:52:39,506 - Failed to fetch https://new.kenyalaw.org/judgments/all/1938/ after 3 attempts: HTTPSConnectionPool(host='new.kenyalaw.org', port=443): Read timed out. (read timeout=30)
2025-06-13 16:52:39,522 - Failed to fetch https://new.kenyalaw.org/judgments/all/2007/ after 3 attempts: HTTPSConnectionPool(host='new.kenyalaw.org', port=443): Read timed out. (read timeout=30)
2025-06-13 16:52:39,629 - Failed to fetch https://new.kenyalaw.org/judgments/all/1991/ after 3 attempts: HTTPSConnectionPool(host='new.kenyalaw.org', port=443): Read timed out. (read timeout=30)
2025-06-13 16:52:39,642 - Failed to fetch https://new.kenyalaw.org/judgments/all/2024/ after 3 attempts: HTTPSConnectionPool(host='new.kenyalaw.org', port=443): Read timed out. (read timeout=30)
2025-06-13 16:52:39,832 - Failed to fetch https://new.kenyalaw.org/judgments/all/1938/ after 3 attempts: HTTPSConnectionPool(host='new.kenyalaw.org', port=443): Read timed out. (read timeout=30)
2025-06-13 16:52:39,845 - Failed to fetch https://new.kenyalaw.org/judgments/all/2021/ after 3 attempts: HTTPSConnectionPool(host='new.kenyalaw.org', port=443): Read timed out. (read timeout=30)
2025-06-13 16:52:39,880 - Failed to fetch https://new.kenyalaw.org/judgments/all/2011/ after 3 attempts: HTTPSConnectionPool(host='new.kenyalaw.org', port=443): Read timed out. (read timeout=30)
2025-06-13 16:52:39,937 - Failed to fetch https://new.kenyalaw.org/judgments/all/2011/ after 3 attempts: HTTPSConnectionPool(host='new.kenyalaw.org', port=443): Read timed out. (read timeout=30)
2025-06-13 16:52:39,954 - Failed to fetch https://new.kenyalaw.org/judgments/all/2007/ after 3 attempts: HTTPSConnectionPool(host='new.kenyalaw.org', port=443): Read timed out. (read timeout=30)
2025-06-13 16:52:39,985 - Failed to fetch https://new.kenyalaw.org/judgments/all/1991/ after 3 attempts: HTTPSConnectionPool(host='new.kenyalaw.org', port=443): Read timed out. (read timeout=30)
2025-06-13 16:52:40,019 - Failed to fetch https://new.kenyalaw.org/judgments/all/2006/ after 3 attempts: HTTPSConnectionPool(host='new.kenyalaw.org', port=443): Read timed out. (read timeout=30)
2025-06-13 16:52:40,081 - Failed to fetch https://new.kenyalaw.org/judgments/all/2002/ after 3 attempts: HTTPSConnectionPool(host='new.kenyalaw.org', port=443): Read timed out. (read timeout=30)
2025-06-13 16:52:40,119 - Failed to fetch https://new.kenyalaw.org/judgments/court-class/commercial-tribunals/ after 3 attempts: HTTPSConnectionPool(host='new.kenyalaw.org', port=443): Read timed out. (read timeout=30)
2025-06-13 16:52:40,120 - Failed to fetch https://new.kenyalaw.org/judgments/all/2006/ after 3 attempts: HTTPSConnectionPool(host='new.kenyalaw.org', port=443): Read timed out. (read timeout=30)
2025-06-13 16:52:40,134 - Failed to fetch https://new.kenyalaw.org/judgments/all/1991/ after 3 attempts: HTTPSConnectionPool(host='new.kenyalaw.org', port=443): Read timed out. (read timeout=30)
2025-06-13 16:52:40,203 - Failed to fetch https://new.kenyalaw.org/judgments/all/1938/ after 3 attempts: HTTPSConnectionPool(host='new.kenyalaw.org', port=443): Read timed out. (read timeout=30)
2025-06-13 16:52:40,310 - Failed to fetch https://new.kenyalaw.org/judgments/all/2021/ after 3 attempts: HTTPSConnectionPool(host='new.kenyalaw.org', port=443): Read timed out. (read timeout=30)
2025-06-13 16:52:40,318 - Failed to fetch https://new.kenyalaw.org/judgments/court-class/intellectual-property-tribunals/ after 3 attempts: HTTPSConnectionPool(host='new.kenyalaw.org', port=443): Read timed out. (read timeout=30)
2025-06-13 16:52:40,342 - Failed to fetch https://new.kenyalaw.org/judgments/all/2024/ after 3 attempts: HTTPSConnectionPool(host='new.kenyalaw.org', port=443): Read timed out. (read timeout=30)
2025-06-13 16:52:40,342 - Failed to fetch https://new.kenyalaw.org/judgments/all/1992/ after 3 attempts: HTTPSConnectionPool(host='new.kenyalaw.org', port=443): Read timed out. (read timeout=30)
2025-06-13 16:52:40,342 - Failed to fetch https://new.kenyalaw.org/judgments/all/2011/ after 3 attempts: HTTPSConnectionPool(host='new.kenyalaw.org', port=443): Read timed out. (read timeout=30)
2025-06-13 16:52:40,342 - Failed to fetch https://new.kenyalaw.org/judgments/court-class/commercial-tribunals/ after 3 attempts: HTTPSConnectionPool(host='new.kenyalaw.org', port=443): Read timed out. (read timeout=30)
2025-06-13 16:52:40,367 - Failed to fetch https://new.kenyalaw.org/judgments/all/2021/ after 3 attempts: HTTPSConnectionPool(host='new.kenyalaw.org', port=443): Read timed out. (read timeout=30)
2025-06-13 16:52:40,367 - Failed to fetch https://new.kenyalaw.org/judgments/all/2007/ after 3 attempts: HTTPSConnectionPool(host='new.kenyalaw.org', port=443): Read timed out. (read timeout=30)
2025-06-13 16:52:40,367 - Failed to fetch https://new.kenyalaw.org/judgments/court-class/intellectual-property-tribunals/ after 3 attempts: HTTPSConnectionPool(host='new.kenyalaw.org', port=443): Read timed out. (read timeout=30)
2025-06-13 16:52:40,547 - Failed to fetch https://new.kenyalaw.org/judgments/all/2006/ after 3 attempts: HTTPSConnectionPool(host='new.kenyalaw.org', port=443): Read timed out. (read timeout=30)
2025-06-13 16:52:40,735 - Failed to fetch https://new.kenyalaw.org/judgments/all/1988/ after 3 attempts: HTTPSConnectionPool(host='new.kenyalaw.org', port=443): Read timed out. (read timeout=30)
2025-06-13 16:52:41,506 - Failed to fetch https://new.kenyalaw.org/judgments/all/2011/ after 3 attempts: HTTPSConnectionPool(host='new.kenyalaw.org', port=443): Read timed out. (read timeout=30)
2025-06-13 16:52:41,508 - Failed to fetch https://new.kenyalaw.org/judgments/all/2007/ after 3 attempts: HTTPSConnectionPool(host='new.kenyalaw.org', port=443): Read timed out. (read timeout=30)
2025-06-13 16:52:41,523 - Failed to fetch https://new.kenyalaw.org/judgments/all/2024/ after 3 attempts: HTTPSConnectionPool(host='new.kenyalaw.org', port=443): Read timed out. (read timeout=30)
2025-06-13 16:52:41,523 - Failed to fetch https://new.kenyalaw.org/judgments/all/2021/ after 3 attempts: HTTPSConnectionPool(host='new.kenyalaw.org', port=443): Read timed out. (read timeout=30)
2025-06-13 16:52:41,539 - Failed to fetch https://new.kenyalaw.org/judgments/all/1938/ after 3 attempts: HTTPSConnectionPool(host='new.kenyalaw.org', port=443): Read timed out. (read timeout=30)
2025-06-13 16:52:41,603 - Failed to fetch https://new.kenyalaw.org/judgments/all/1991/ after 3 attempts: HTTPSConnectionPool(host='new.kenyalaw.org', port=443): Read timed out. (read timeout=30)
2025-06-13 16:52:41,607 - Failed to fetch https://new.kenyalaw.org/judgments/all/2006/ after 3 attempts: HTTPSConnectionPool(host='new.kenyalaw.org', port=443): Read timed out. (read timeout=30)
2025-06-13 16:52:41,607 - Failed to fetch https://new.kenyalaw.org/judgments/court-class/intellectual-property-tribunals/ after 3 attempts: HTTPSConnectionPool(host='new.kenyalaw.org', port=443): Read timed out. (read timeout=30)
2025-06-13 16:52:41,624 - Failed to fetch https://new.kenyalaw.org/judgments/court-class/commercial-tribunals/ after 3 attempts: HTTPSConnectionPool(host='new.kenyalaw.org', port=443): Read timed out. (read timeout=30)
2025-06-13 16:52:41,624 - Failed to fetch https://new.kenyalaw.org/judgments/all/1992/ after 3 attempts: HTTPSConnectionPool(host='new.kenyalaw.org', port=443): Read timed out. (read timeout=30)
2025-06-13 16:52:42,490 - Failed to fetch https://new.kenyalaw.org/judgments/all/1997/ after 3 attempts: HTTPSConnectionPool(host='new.kenyalaw.org', port=443): Read timed out. (read timeout=30)
2025-06-13 16:52:42,603 - Failed to fetch https://new.kenyalaw.org/judgments/all/1996/ after 3 attempts: HTTPSConnectionPool(host='new.kenyalaw.org', port=443): Read timed out. (read timeout=30)
2025-06-13 16:52:43,002 - Failed to fetch https://new.kenyalaw.org/judgments/all/1993/ after 3 attempts: HTTPSConnectionPool(host='new.kenyalaw.org', port=443): Read timed out. (read timeout=30)
2025-06-13 16:52:43,403 - Failed to fetch https://new.kenyalaw.org/judgments/all/2015/ after 3 attempts: HTTPSConnectionPool(host='new.kenyalaw.org', port=443): Read timed out. (read timeout=30)
2025-06-13 16:52:43,682 - Failed to fetch https://new.kenyalaw.org/judgments/all/2025/ after 3 attempts: HTTPSConnectionPool(host='new.kenyalaw.org', port=443): Read timed out. (read timeout=30)
2025-06-13 16:52:43,849 - Failed to fetch https://new.kenyalaw.org/judgments/court-class/tribunals/ after 3 attempts: HTTPSConnectionPool(host='new.kenyalaw.org', port=443): Read timed out. (read timeout=30)
2025-06-13 16:52:44,157 - Failed to fetch https://new.kenyalaw.org/judgments/all/2022/ after 3 attempts: HTTPSConnectionPool(host='new.kenyalaw.org', port=443): Read timed out. (read timeout=30)
2025-06-13 16:52:44,879 - Failed to fetch https://new.kenyalaw.org/judgments/all/1994/ after 3 attempts: HTTPSConnectionPool(host='new.kenyalaw.org', port=443): Read timed out. (read timeout=30)
2025-06-13 16:52:45,057 - Failed to fetch https://new.kenyalaw.org/judgments/all/2002/ after 3 attempts: HTTPSConnectionPool(host='new.kenyalaw.org', port=443): Read timed out. (read timeout=30)
2025-06-13 16:52:46,146 - Failed to fetch https://new.kenyalaw.org/judgments/all/1988/ after 3 attempts: HTTPSConnectionPool(host='new.kenyalaw.org', port=443): Read timed out. (read timeout=30)
2025-06-13 16:52:47,588 - Failed to fetch https://new.kenyalaw.org/judgments/all/1996/ after 3 attempts: HTTPSConnectionPool(host='new.kenyalaw.org', port=443): Read timed out. (read timeout=30)
2025-06-13 16:52:47,738 - Failed to fetch https://new.kenyalaw.org/judgments/all/1993/ after 3 attempts: HTTPSConnectionPool(host='new.kenyalaw.org', port=443): Read timed out. (read timeout=30)
2025-06-13 16:52:48,008 - Failed to fetch https://new.kenyalaw.org/judgments/all/1997/ after 3 attempts: HTTPSConnectionPool(host='new.kenyalaw.org', port=443): Read timed out. (read timeout=30)
2025-06-13 16:52:48,099 - Failed to fetch https://new.kenyalaw.org/judgments/all/2015/ after 3 attempts: HTTPSConnectionPool(host='new.kenyalaw.org', port=443): Read timed out. (read timeout=30)
2025-06-13 16:52:48,504 - Failed to fetch https://new.kenyalaw.org/judgments/court-class/tribunals/ after 3 attempts: HTTPSConnectionPool(host='new.kenyalaw.org', port=443): Read timed out. (read timeout=30)
2025-06-13 16:52:48,692 - Failed to fetch https://new.kenyalaw.org/judgments/all/2025/ after 3 attempts: HTTPSConnectionPool(host='new.kenyalaw.org', port=443): Read timed out. (read timeout=30)
2025-06-13 16:52:49,435 - Failed to fetch https://new.kenyalaw.org/judgments/all/2022/ after 3 attempts: HTTPSConnectionPool(host='new.kenyalaw.org', port=443): Read timed out. (read timeout=30)
2025-06-13 16:52:49,694 - Failed to fetch https://new.kenyalaw.org/judgments/all/1994/ after 3 attempts: HTTPSConnectionPool(host='new.kenyalaw.org', port=443): Read timed out. (read timeout=30)
2025-06-13 16:52:50,895 - Failed to fetch https://new.kenyalaw.org/judgments/all/2002/ after 3 attempts: HTTPSConnectionPool(host='new.kenyalaw.org', port=443): Read timed out. (read timeout=30)
2025-06-13 16:52:50,968 - Failed to fetch https://new.kenyalaw.org/judgments/all/1988/ after 3 attempts: HTTPSConnectionPool(host='new.kenyalaw.org', port=443): Read timed out. (read timeout=30)
2025-06-13 16:52:52,061 - Failed to fetch https://new.kenyalaw.org/judgments/all/1993/ after 3 attempts: HTTPSConnectionPool(host='new.kenyalaw.org', port=443): Read timed out. (read timeout=30)
2025-06-13 16:52:52,271 - Failed to fetch https://new.kenyalaw.org/judgments/court-class/tribunals/ after 3 attempts: HTTPSConnectionPool(host='new.kenyalaw.org', port=443): Read timed out. (read timeout=30)
2025-06-13 16:52:52,553 - Failed to fetch https://new.kenyalaw.org/judgments/all/1996/ after 3 attempts: HTTPSConnectionPool(host='new.kenyalaw.org', port=443): Read timed out. (read timeout=30)
2025-06-13 16:52:52,921 - Failed to fetch https://new.kenyalaw.org/judgments/all/1997/ after 3 attempts: HTTPSConnectionPool(host='new.kenyalaw.org', port=443): Read timed out. (read timeout=30)
2025-06-13 16:52:53,393 - Failed to fetch https://new.kenyalaw.org/judgments/all/2015/ after 3 attempts: HTTPSConnectionPool(host='new.kenyalaw.org', port=443): Read timed out. (read timeout=30)
2025-06-13 16:52:53,814 - Failed to fetch https://new.kenyalaw.org/judgments/all/2025/ after 3 attempts: HTTPSConnectionPool(host='new.kenyalaw.org', port=443): Read timed out. (read timeout=30)
2025-06-13 16:52:55,065 - Failed to fetch https://new.kenyalaw.org/judgments/all/2022/ after 3 attempts: HTTPSConnectionPool(host='new.kenyalaw.org', port=443): Read timed out. (read timeout=30)
2025-06-13 16:52:55,147 - Failed to fetch https://new.kenyalaw.org/judgments/all/2002/ after 3 attempts: HTTPSConnectionPool(host='new.kenyalaw.org', port=443): Read timed out. (read timeout=30)
2025-06-13 16:52:55,602 - Failed to fetch https://new.kenyalaw.org/judgments/all/1988/ after 3 attempts: HTTPSConnectionPool(host='new.kenyalaw.org', port=443): Read timed out. (read timeout=30)
2025-06-13 16:52:56,026 - Failed to fetch https://new.kenyalaw.org/judgments/all/1994/ after 3 attempts: HTTPSConnectionPool(host='new.kenyalaw.org', port=443): Read timed out. (read timeout=30)
2025-06-13 16:52:56,063 - Failed to fetch https://new.kenyalaw.org/judgments/all/1993/ after 3 attempts: HTTPSConnectionPool(host='new.kenyalaw.org', port=443): Read timed out. (read timeout=30)
2025-06-13 16:52:56,633 - Failed to fetch https://new.kenyalaw.org/judgments/all/1930/1/ after 3 attempts: HTTPSConnectionPool(host='new.kenyalaw.org', port=443): Read timed out. (read timeout=30)
2025-06-13 16:52:58,263 - Failed to fetch https://new.kenyalaw.org/judgments/court-class/tribunals/ after 3 attempts: HTTPSConnectionPool(host='new.kenyalaw.org', port=443): Read timed out. (read timeout=30)
2025-06-13 16:52:59,661 - Failed to fetch https://new.kenyalaw.org/judgments/all/1997/ after 3 attempts: HTTPSConnectionPool(host='new.kenyalaw.org', port=443): Read timed out. (read timeout=30)
2025-06-13 16:52:59,738 - Failed to fetch https://new.kenyalaw.org/judgments/all/1996/ after 3 attempts: HTTPSConnectionPool(host='new.kenyalaw.org', port=443): Read timed out. (read timeout=30)
2025-06-13 16:52:59,770 - Failed to fetch https://new.kenyalaw.org/judgments/all/2015/ after 3 attempts: HTTPSConnectionPool(host='new.kenyalaw.org', port=443): Read timed out. (read timeout=30)
2025-06-13 16:53:00,075 - Failed to fetch https://new.kenyalaw.org/judgments/all/2002/ after 3 attempts: HTTPSConnectionPool(host='new.kenyalaw.org', port=443): Read timed out. (read timeout=30)
2025-06-13 16:53:00,948 - Failed to fetch https://new.kenyalaw.org/judgments/all/2025/ after 3 attempts: HTTPSConnectionPool(host='new.kenyalaw.org', port=443): Read timed out. (read timeout=30)
2025-06-13 16:53:01,086 - Failed to fetch https://new.kenyalaw.org/judgments/all/2022/ after 3 attempts: HTTPSConnectionPool(host='new.kenyalaw.org', port=443): Read timed out. (read timeout=30)
2025-06-13 16:53:01,274 - Failed to fetch https://new.kenyalaw.org/judgments/all/1988/ after 3 attempts: HTTPSConnectionPool(host='new.kenyalaw.org', port=443): Read timed out. (read timeout=30)
2025-06-13 16:53:01,309 - Failed to fetch https://new.kenyalaw.org/judgments/all/1993/ after 3 attempts: HTTPSConnectionPool(host='new.kenyalaw.org', port=443): Read timed out. (read timeout=30)
2025-06-13 16:53:01,633 - Failed to fetch https://new.kenyalaw.org/judgments/all/1997/ after 3 attempts: HTTPSConnectionPool(host='new.kenyalaw.org', port=443): Read timed out. (read timeout=30)
2025-06-13 16:53:02,715 - Failed to fetch https://new.kenyalaw.org/judgments/all/1996/ after 3 attempts: HTTPSConnectionPool(host='new.kenyalaw.org', port=443): Read timed out. (read timeout=30)
2025-06-13 16:53:03,128 - Failed to fetch https://new.kenyalaw.org/judgments/all/2015/ after 3 attempts: HTTPSConnectionPool(host='new.kenyalaw.org', port=443): Read timed out. (read timeout=30)
2025-06-13 16:53:03,237 - Failed to fetch https://new.kenyalaw.org/judgments/court-class/tribunals/ after 3 attempts: HTTPSConnectionPool(host='new.kenyalaw.org', port=443): Read timed out. (read timeout=30)
2025-06-13 16:53:04,249 - Failed to fetch https://new.kenyalaw.org/judgments/all/2025/ after 3 attempts: HTTPSConnectionPool(host='new.kenyalaw.org', port=443): Read timed out. (read timeout=30)
2025-06-13 16:53:04,285 - Failed to fetch https://new.kenyalaw.org/judgments/all/2022/ after 3 attempts: HTTPSConnectionPool(host='new.kenyalaw.org', port=443): Read timed out. (read timeout=30)
2025-06-13 16:53:05,135 - Failed to fetch https://new.kenyalaw.org/judgments/all/2002/ after 3 attempts: HTTPSConnectionPool(host='new.kenyalaw.org', port=443): Read timed out. (read timeout=30)
2025-06-13 16:53:05,664 - Failed to fetch https://new.kenyalaw.org/judgments/all/1988/ after 3 attempts: HTTPSConnectionPool(host='new.kenyalaw.org', port=443): Read timed out. (read timeout=30)
2025-06-13 16:53:05,824 - Failed to fetch https://new.kenyalaw.org/judgments/all/1994/ after 3 attempts: HTTPSConnectionPool(host='new.kenyalaw.org', port=443): Read timed out. (read timeout=30)
2025-06-13 16:53:07,238 - Failed to fetch https://new.kenyalaw.org/judgments/all/1993/ after 3 attempts: HTTPSConnectionPool(host='new.kenyalaw.org', port=443): Read timed out. (read timeout=30)
2025-06-13 16:53:07,661 - Failed to fetch https://new.kenyalaw.org/judgments/all/1996/ after 3 attempts: HTTPSConnectionPool(host='new.kenyalaw.org', port=443): Read timed out. (read timeout=30)
2025-06-13 16:53:07,725 - Failed to fetch https://new.kenyalaw.org/judgments/all/1997/ after 3 attempts: HTTPSConnectionPool(host='new.kenyalaw.org', port=443): Read timed out. (read timeout=30)
2025-06-13 16:53:08,013 - Failed to fetch https://new.kenyalaw.org/judgments/court-class/tribunals/ after 3 attempts: HTTPSConnectionPool(host='new.kenyalaw.org', port=443): Read timed out. (read timeout=30)
2025-06-13 16:53:08,383 - Failed to fetch https://new.kenyalaw.org/judgments/all/2015/ after 3 attempts: HTTPSConnectionPool(host='new.kenyalaw.org', port=443): Read timed out. (read timeout=30)
2025-06-13 16:53:08,723 - Failed to fetch https://new.kenyalaw.org/judgments/all/2025/ after 3 attempts: HTTPSConnectionPool(host='new.kenyalaw.org', port=443): Read timed out. (read timeout=30)
